<?xml version="1.0" encoding="UTF-8" ?>
<testsuite failures="0" time="0.035" errors="0" skipped="0" tests="1" name="com.mycompany.appealclient.AppTest">
  <properties>
    <property name="java.runtime.name" value="Java(TM) SE Runtime Environment"/>
    <property name="sun.boot.library.path" value="D:\Program Files\Java\jdk1.7.0_07\jre\bin"/>
    <property name="java.vm.version" value="23.3-b01"/>
    <property name="java.vm.vendor" value="Oracle Corporation"/>
    <property name="java.vendor.url" value="http://java.oracle.com/"/>
    <property name="path.separator" value=";"/>
    <property name="guice.disable.misplaced.annotation.check" value="true"/>
    <property name="java.vm.name" value="Java HotSpot(TM) Client VM"/>
    <property name="file.encoding.pkg" value="sun.io"/>
    <property name="user.script" value=""/>
    <property name="user.country" value="CN"/>
    <property name="sun.java.launcher" value="SUN_STANDARD"/>
    <property name="sun.os.patch.level" value="Service Pack 1"/>
    <property name="java.vm.specification.name" value="Java Virtual Machine Specification"/>
    <property name="user.dir" value="D:\Documents\ASU\CS\CSE446 598\Assignment5\AppealClient"/>
    <property name="java.runtime.version" value="1.7.0_07-b11"/>
    <property name="java.awt.graphicsenv" value="sun.awt.Win32GraphicsEnvironment"/>
    <property name="java.endorsed.dirs" value="D:\Program Files\Java\jdk1.7.0_07\jre\lib\endorsed"/>
    <property name="os.arch" value="x86"/>
    <property name="java.io.tmpdir" value="C:\Users\shaosh\AppData\Local\Temp\"/>
    <property name="line.separator" value="
"/>
    <property name="java.vm.specification.vendor" value="Oracle Corporation"/>
    <property name="user.variant" value=""/>
    <property name="os.name" value="Windows 7"/>
    <property name="classworlds.conf" value="D:\Program Files\NetBeans 7.2.1\java\maven\bin\m2.conf"/>
    <property name="sun.jnu.encoding" value="GBK"/>
    <property name="java.library.path" value="D:\Program Files\Java\jdk1.7.0_07\bin;C:\Windows\Sun\Java\bin;C:\Windows\system32;C:\Windows;C:\Program Files (x86)\Intel\ComposerXE-2011\redist\intel64\tbb\vc10;C:\Program Files (x86)\Intel\ComposerXE-2011\redist\ia32\tbb\vc10;C:\Program Files (x86)\Intel\ComposerXE-2011\redist\intel64\ipp;C:\Program Files (x86)\Intel\ComposerXE-2011\redist\ia32\ipp;C:\Program Files (x86)\Intel\ComposerXE-2011\redist\intel64\mkl;C:\Program Files (x86)\Intel\ComposerXE-2011\redist\ia32\mkl;C:\Program Files (x86)\Intel\ComposerXE-2011\redist\intel64\mpirt;C:\Program Files (x86)\Intel\ComposerXE-2011\redist\intel64\compiler;C:\Program Files (x86)\Intel\ComposerXE-2011\redist\ia32\mpirt;C:\Program Files (x86)\Intel\ComposerXE-2011\redist\ia32\compiler;C:\Program Files (x86)\Intel\ComposerXE-2011\compiler\lib;C:\Program Files (x86)\Intel\ComposerXE-2011\redist\intel64\compiler;C:\Program Files (x86)\Intel\ComposerXE-2011\redist\ia32\compiler;C:\Program Files (x86)\Intel\ComposerXE-2011\compiler\lib;d:\program files\imagemagick-6.3.9-q16;D:\Program Files\Java\jdk1.7.0_07\bin;d:\Program Files\ImageMagick-6.7.9-Q16;C:\Program Files\Common Files\Microsoft Shared\Windows Live;C:\Program Files (x86)\Common Files\Microsoft Shared\Windows Live;C:\Windows\system32;C:\Windows;C:\Windows\System32\Wbem;C:\Windows\System32\WindowsPowerShell\v1.0\;C:\Program Files (x86)\Windows Live\Shared;D:\Program Files\Graphviz 2.28\bin;d:\gnuwin32\bin;d:\Dev-Cpp\bin;D:\Program Files\Python;d:\Program Files\Vim\vim73; D:\Program Files\GetGnuWin32\bin;C:\Program Files\nodejs\;C:\Program Files\SourceGear\Common\DiffMerge\;D:\Program Files\SSHSecureShell;C:\Users\shaosh\AppData\Roaming\npm\;."/>
    <property name="java.specification.name" value="Java Platform API Specification"/>
    <property name="java.class.version" value="51.0"/>
    <property name="sun.management.compiler" value="HotSpot Client Compiler"/>
    <property name="os.version" value="6.1"/>
    <property name="user.home" value="C:\Users\shaosh"/>
    <property name="user.timezone" value="America/Phoenix"/>
    <property name="java.awt.printerjob" value="sun.awt.windows.WPrinterJob"/>
    <property name="java.specification.version" value="1.7"/>
    <property name="file.encoding" value="GBK"/>
    <property name="user.name" value="shaosh"/>
    <property name="java.class.path" value="D:\Program Files\NetBeans 7.2.1\java\maven\boot\plexus-classworlds-2.4.jar"/>
    <property name="java.vm.specification.version" value="1.7"/>
    <property name="sun.arch.data.model" value="32"/>
    <property name="java.home" value="D:\Program Files\Java\jdk1.7.0_07\jre"/>
    <property name="sun.java.command" value="org.codehaus.plexus.classworlds.launcher.Launcher clean install"/>
    <property name="java.specification.vendor" value="Oracle Corporation"/>
    <property name="user.language" value="zh"/>
    <property name="awt.toolkit" value="sun.awt.windows.WToolkit"/>
    <property name="java.vm.info" value="mixed mode, sharing"/>
    <property name="java.version" value="1.7.0_07"/>
    <property name="java.ext.dirs" value="D:\Program Files\Java\jdk1.7.0_07\jre\lib\ext;C:\Windows\Sun\Java\lib\ext"/>
    <property name="sun.boot.class.path" value="D:\Program Files\Java\jdk1.7.0_07\jre\lib\resources.jar;D:\Program Files\Java\jdk1.7.0_07\jre\lib\rt.jar;D:\Program Files\Java\jdk1.7.0_07\jre\lib\sunrsasign.jar;D:\Program Files\Java\jdk1.7.0_07\jre\lib\jsse.jar;D:\Program Files\Java\jdk1.7.0_07\jre\lib\jce.jar;D:\Program Files\Java\jdk1.7.0_07\jre\lib\charsets.jar;D:\Program Files\Java\jdk1.7.0_07\jre\lib\jfr.jar;D:\Program Files\Java\jdk1.7.0_07\jre\classes"/>
    <property name="java.vendor" value="Oracle Corporation"/>
    <property name="maven.home" value="D:\Program Files\NetBeans 7.2.1\java\maven"/>
    <property name="file.separator" value="\"/>
    <property name="java.vendor.url.bug" value="http://bugreport.sun.com/bugreport/"/>
    <property name="sun.cpu.endian" value="little"/>
    <property name="sun.io.unicode.encoding" value="UnicodeLittle"/>
    <property name="sun.desktop" value="windows"/>
    <property name="sun.cpu.isalist" value="pentium_pro+mmx pentium_pro pentium+mmx pentium i486 i386 i86"/>
  </properties>
  <testcase time="0.003" classname="com.mycompany.appealclient.AppTest" name="testApp"/>
</testsuite>